<?xml version="1.0" encoding="UTF-8"?>
<testsuite xmlns:xsi="http://www.w3.org/2001/XMLSchema-instance" xsi:noNamespaceSchemaLocation="https://maven.apache.org/surefire/maven-surefire-plugin/xsd/surefire-test-report.xsd" name="org.config.server.AppTest" time="0.302" tests="1" errors="0" skipped="0" failures="0">
  <properties>
    <property name="sun.desktop" value="windows"/>
    <property name="awt.toolkit" value="sun.awt.windows.WToolkit"/>
    <property name="file.encoding.pkg" value="sun.io"/>
    <property name="java.specification.version" value="1.8"/>
    <property name="sun.cpu.isalist" value="amd64"/>
    <property name="sun.jnu.encoding" value="GBK"/>
    <property name="java.class.path" value="F:\study\java\springclouddemo\config-server\target\test-classes;F:\study\java\springclouddemo\config-server\target\classes;F:\study\repository\org\springframework\cloud\spring-cloud-config-server\2.1.1.RELEASE\spring-cloud-config-server-2.1.1.RELEASE.jar;F:\study\repository\org\springframework\cloud\spring-cloud-config-client\2.1.1.RELEASE\spring-cloud-config-client-2.1.1.RELEASE.jar;F:\study\repository\org\springframework\cloud\spring-cloud-commons\2.1.1.RELEASE\spring-cloud-commons-2.1.1.RELEASE.jar;F:\study\repository\org\springframework\cloud\spring-cloud-context\2.1.1.RELEASE\spring-cloud-context-2.1.1.RELEASE.jar;F:\study\repository\com\fasterxml\jackson\core\jackson-annotations\2.9.0\jackson-annotations-2.9.0.jar;F:\study\repository\com\fasterxml\jackson\core\jackson-databind\2.9.7\jackson-databind-2.9.7.jar;F:\study\repository\com\fasterxml\jackson\core\jackson-core\2.9.7\jackson-core-2.9.7.jar;F:\study\repository\org\springframework\boot\spring-boot-starter-actuator\2.1.1.RELEASE\spring-boot-starter-actuator-2.1.1.RELEASE.jar;F:\study\repository\org\springframework\boot\spring-boot-actuator-autoconfigure\2.1.1.RELEASE\spring-boot-actuator-autoconfigure-2.1.1.RELEASE.jar;F:\study\repository\org\springframework\boot\spring-boot-actuator\2.1.1.RELEASE\spring-boot-actuator-2.1.1.RELEASE.jar;F:\study\repository\io\micrometer\micrometer-core\1.1.1\micrometer-core-1.1.1.jar;F:\study\repository\org\hdrhistogram\HdrHistogram\2.1.9\HdrHistogram-2.1.9.jar;F:\study\repository\org\latencyutils\LatencyUtils\2.0.3\LatencyUtils-2.0.3.jar;F:\study\repository\org\springframework\security\spring-security-crypto\5.1.2.RELEASE\spring-security-crypto-5.1.2.RELEASE.jar;F:\study\repository\org\springframework\security\spring-security-rsa\1.0.7.RELEASE\spring-security-rsa-1.0.7.RELEASE.jar;F:\study\repository\org\bouncycastle\bcpkix-jdk15on\1.60\bcpkix-jdk15on-1.60.jar;F:\study\repository\org\bouncycastle\bcprov-jdk15on\1.60\bcprov-jdk15on-1.60.jar;F:\study\repository\org\eclipse\jgit\org.eclipse.jgit\5.1.3.201810200350-r\org.eclipse.jgit-5.1.3.201810200350-r.jar;F:\study\repository\com\jcraft\jsch\0.1.54\jsch-0.1.54.jar;F:\study\repository\com\jcraft\jzlib\1.1.1\jzlib-1.1.1.jar;F:\study\repository\com\googlecode\javaewah\JavaEWAH\1.1.6\JavaEWAH-1.1.6.jar;F:\study\repository\org\slf4j\slf4j-api\1.7.25\slf4j-api-1.7.25.jar;F:\study\repository\org\eclipse\jgit\org.eclipse.jgit.http.apache\5.1.3.201810200350-r\org.eclipse.jgit.http.apache-5.1.3.201810200350-r.jar;F:\study\repository\org\apache\httpcomponents\httpclient\4.5.6\httpclient-4.5.6.jar;F:\study\repository\commons-codec\commons-codec\1.11\commons-codec-1.11.jar;F:\study\repository\org\apache\httpcomponents\httpcore\4.4.10\httpcore-4.4.10.jar;F:\study\repository\org\yaml\snakeyaml\1.23\snakeyaml-1.23.jar;F:\study\repository\org\springframework\cloud\spring-cloud-config-monitor\2.1.1.RELEASE\spring-cloud-config-monitor-2.1.1.RELEASE.jar;F:\study\repository\org\springframework\cloud\spring-cloud-bus\2.1.1.RELEASE\spring-cloud-bus-2.1.1.RELEASE.jar;F:\study\repository\org\springframework\cloud\spring-cloud-starter\2.1.1.RELEASE\spring-cloud-starter-2.1.1.RELEASE.jar;F:\study\repository\org\springframework\cloud\spring-cloud-stream\2.1.2.RELEASE\spring-cloud-stream-2.1.2.RELEASE.jar;F:\study\repository\org\springframework\boot\spring-boot-starter-validation\2.1.1.RELEASE\spring-boot-starter-validation-2.1.1.RELEASE.jar;F:\study\repository\org\springframework\spring-messaging\5.1.3.RELEASE\spring-messaging-5.1.3.RELEASE.jar;F:\study\repository\org\springframework\spring-tuple\1.0.0.RELEASE\spring-tuple-1.0.0.RELEASE.jar;F:\study\repository\com\esotericsoftware\kryo-shaded\3.0.3\kryo-shaded-3.0.3.jar;F:\study\repository\com\esotericsoftware\minlog\1.3.0\minlog-1.3.0.jar;F:\study\repository\org\springframework\integration\spring-integration-tuple\1.0.0.RELEASE\spring-integration-tuple-1.0.0.RELEASE.jar;F:\study\repository\org\springframework\retry\spring-retry\1.2.2.RELEASE\spring-retry-1.2.2.RELEASE.jar;F:\study\repository\org\springframework\cloud\spring-cloud-function-context\2.0.1.RELEASE\spring-cloud-function-context-2.0.1.RELEASE.jar;F:\study\repository\org\springframework\cloud\spring-cloud-function-core\2.0.1.RELEASE\spring-cloud-function-core-2.0.1.RELEASE.jar;F:\study\repository\org\springframework\integration\spring-integration-core\5.1.1.RELEASE\spring-integration-core-5.1.1.RELEASE.jar;F:\study\repository\org\springframework\spring-tx\5.1.3.RELEASE\spring-tx-5.1.3.RELEASE.jar;F:\study\repository\io\projectreactor\reactor-core\3.2.3.RELEASE\reactor-core-3.2.3.RELEASE.jar;F:\study\repository\org\reactivestreams\reactive-streams\1.0.2\reactive-streams-1.0.2.jar;F:\study\repository\org\springframework\cloud\spring-cloud-starter-stream-rabbit\2.1.2.RELEASE\spring-cloud-starter-stream-rabbit-2.1.2.RELEASE.jar;F:\study\repository\org\springframework\cloud\spring-cloud-stream-binder-rabbit\2.1.2.RELEASE\spring-cloud-stream-binder-rabbit-2.1.2.RELEASE.jar;F:\study\repository\org\springframework\cloud\spring-cloud-stream-binder-rabbit-core\2.1.2.RELEASE\spring-cloud-stream-binder-rabbit-core-2.1.2.RELEASE.jar;F:\study\repository\com\rabbitmq\http-client\2.1.0.RELEASE\http-client-2.1.0.RELEASE.jar;F:\study\repository\org\springframework\boot\spring-boot-starter-amqp\2.1.1.RELEASE\spring-boot-starter-amqp-2.1.1.RELEASE.jar;F:\study\repository\org\springframework\amqp\spring-rabbit\2.1.2.RELEASE\spring-rabbit-2.1.2.RELEASE.jar;F:\study\repository\org\springframework\amqp\spring-amqp\2.1.2.RELEASE\spring-amqp-2.1.2.RELEASE.jar;F:\study\repository\com\rabbitmq\amqp-client\5.4.3\amqp-client-5.4.3.jar;F:\study\repository\org\springframework\integration\spring-integration-amqp\5.1.1.RELEASE\spring-integration-amqp-5.1.1.RELEASE.jar;F:\study\repository\org\springframework\integration\spring-integration-jmx\5.1.1.RELEASE\spring-integration-jmx-5.1.1.RELEASE.jar;F:\study\repository\org\springframework\boot\spring-boot-starter-test\2.1.1.RELEASE\spring-boot-starter-test-2.1.1.RELEASE.jar;F:\study\repository\org\springframework\boot\spring-boot-starter\2.1.1.RELEASE\spring-boot-starter-2.1.1.RELEASE.jar;F:\study\repository\org\springframework\boot\spring-boot-starter-logging\2.1.1.RELEASE\spring-boot-starter-logging-2.1.1.RELEASE.jar;F:\study\repository\ch\qos\logback\logback-classic\1.2.3\logback-classic-1.2.3.jar;F:\study\repository\ch\qos\logback\logback-core\1.2.3\logback-core-1.2.3.jar;F:\study\repository\org\apache\logging\log4j\log4j-to-slf4j\2.11.1\log4j-to-slf4j-2.11.1.jar;F:\study\repository\org\apache\logging\log4j\log4j-api\2.11.1\log4j-api-2.11.1.jar;F:\study\repository\org\slf4j\jul-to-slf4j\1.7.25\jul-to-slf4j-1.7.25.jar;F:\study\repository\javax\annotation\javax.annotation-api\1.3.2\javax.annotation-api-1.3.2.jar;F:\study\repository\org\springframework\boot\spring-boot-test\2.1.1.RELEASE\spring-boot-test-2.1.1.RELEASE.jar;F:\study\repository\org\springframework\boot\spring-boot-test-autoconfigure\2.1.1.RELEASE\spring-boot-test-autoconfigure-2.1.1.RELEASE.jar;F:\study\repository\com\jayway\jsonpath\json-path\2.4.0\json-path-2.4.0.jar;F:\study\repository\net\minidev\json-smart\2.3\json-smart-2.3.jar;F:\study\repository\net\minidev\accessors-smart\1.2\accessors-smart-1.2.jar;F:\study\repository\org\ow2\asm\asm\5.0.4\asm-5.0.4.jar;F:\study\repository\junit\junit\4.12\junit-4.12.jar;F:\study\repository\org\assertj\assertj-core\3.11.1\assertj-core-3.11.1.jar;F:\study\repository\org\mockito\mockito-core\2.23.4\mockito-core-2.23.4.jar;F:\study\repository\net\bytebuddy\byte-buddy\1.9.5\byte-buddy-1.9.5.jar;F:\study\repository\net\bytebuddy\byte-buddy-agent\1.9.5\byte-buddy-agent-1.9.5.jar;F:\study\repository\org\objenesis\objenesis\2.6\objenesis-2.6.jar;F:\study\repository\org\hamcrest\hamcrest-core\1.3\hamcrest-core-1.3.jar;F:\study\repository\org\hamcrest\hamcrest-library\1.3\hamcrest-library-1.3.jar;F:\study\repository\org\skyscreamer\jsonassert\1.5.0\jsonassert-1.5.0.jar;F:\study\repository\com\vaadin\external\google\android-json\0.0.20131108.vaadin1\android-json-0.0.20131108.vaadin1.jar;F:\study\repository\org\springframework\spring-core\5.1.3.RELEASE\spring-core-5.1.3.RELEASE.jar;F:\study\repository\org\springframework\spring-jcl\5.1.3.RELEASE\spring-jcl-5.1.3.RELEASE.jar;F:\study\repository\org\springframework\spring-test\5.1.3.RELEASE\spring-test-5.1.3.RELEASE.jar;F:\study\repository\org\xmlunit\xmlunit-core\2.6.2\xmlunit-core-2.6.2.jar;F:\study\repository\org\springframework\boot\spring-boot-starter-web\2.1.1.RELEASE\spring-boot-starter-web-2.1.1.RELEASE.jar;F:\study\repository\org\springframework\boot\spring-boot-starter-json\2.1.1.RELEASE\spring-boot-starter-json-2.1.1.RELEASE.jar;F:\study\repository\com\fasterxml\jackson\datatype\jackson-datatype-jdk8\2.9.7\jackson-datatype-jdk8-2.9.7.jar;F:\study\repository\com\fasterxml\jackson\datatype\jackson-datatype-jsr310\2.9.7\jackson-datatype-jsr310-2.9.7.jar;F:\study\repository\com\fasterxml\jackson\module\jackson-module-parameter-names\2.9.7\jackson-module-parameter-names-2.9.7.jar;F:\study\repository\org\springframework\boot\spring-boot-starter-tomcat\2.1.1.RELEASE\spring-boot-starter-tomcat-2.1.1.RELEASE.jar;F:\study\repository\org\apache\tomcat\embed\tomcat-embed-core\9.0.13\tomcat-embed-core-9.0.13.jar;F:\study\repository\org\apache\tomcat\embed\tomcat-embed-el\9.0.13\tomcat-embed-el-9.0.13.jar;F:\study\repository\org\apache\tomcat\embed\tomcat-embed-websocket\9.0.13\tomcat-embed-websocket-9.0.13.jar;F:\study\repository\org\hibernate\validator\hibernate-validator\6.0.13.Final\hibernate-validator-6.0.13.Final.jar;F:\study\repository\javax\validation\validation-api\2.0.1.Final\validation-api-2.0.1.Final.jar;F:\study\repository\org\jboss\logging\jboss-logging\3.3.2.Final\jboss-logging-3.3.2.Final.jar;F:\study\repository\com\fasterxml\classmate\1.4.0\classmate-1.4.0.jar;F:\study\repository\org\springframework\spring-web\5.1.3.RELEASE\spring-web-5.1.3.RELEASE.jar;F:\study\repository\org\springframework\spring-beans\5.1.3.RELEASE\spring-beans-5.1.3.RELEASE.jar;F:\study\repository\org\springframework\spring-webmvc\5.1.3.RELEASE\spring-webmvc-5.1.3.RELEASE.jar;F:\study\repository\org\springframework\spring-aop\5.1.3.RELEASE\spring-aop-5.1.3.RELEASE.jar;F:\study\repository\org\springframework\spring-context\5.1.3.RELEASE\spring-context-5.1.3.RELEASE.jar;F:\study\repository\org\springframework\spring-expression\5.1.3.RELEASE\spring-expression-5.1.3.RELEASE.jar;F:\study\repository\org\springframework\boot\spring-boot-devtools\2.1.1.RELEASE\spring-boot-devtools-2.1.1.RELEASE.jar;F:\study\repository\org\springframework\boot\spring-boot\2.1.1.RELEASE\spring-boot-2.1.1.RELEASE.jar;F:\study\repository\org\springframework\boot\spring-boot-autoconfigure\2.1.1.RELEASE\spring-boot-autoconfigure-2.1.1.RELEASE.jar;F:\study\repository\com\alibaba\fastjson\1.2.57\fastjson-1.2.57.jar;F:\study\repository\net\sf\trove4j\core\3.1.0\core-3.1.0.jar;"/>
    <property name="java.vm.vendor" value="Oracle Corporation"/>
    <property name="sun.arch.data.model" value="64"/>
    <property name="user.variant" value=""/>
    <property name="java.vendor.url" value="http://java.oracle.com/"/>
    <property name="user.timezone" value="Asia/Shanghai"/>
    <property name="java.vm.specification.version" value="1.8"/>
    <property name="os.name" value="Windows 7"/>
    <property name="user.country" value="CN"/>
    <property name="sun.java.launcher" value="SUN_STANDARD"/>
    <property name="sun.boot.library.path" value="D:\Program Files\Java\jdk1.8.0_92\jre\bin"/>
    <property name="sun.java.command" value="C:\Users\cuibo\AppData\Local\Temp\surefire2572410236448573165\surefirebooter2758364036812312645.jar C:\Users\cuibo\AppData\Local\Temp\surefire2572410236448573165 2019-04-29T15-52-14_794-jvmRun1 surefire327983310773373236tmp surefire_02786878417826928577tmp"/>
    <property name="surefire.test.class.path" value="F:\study\java\springclouddemo\config-server\target\test-classes;F:\study\java\springclouddemo\config-server\target\classes;F:\study\repository\org\springframework\cloud\spring-cloud-config-server\2.1.1.RELEASE\spring-cloud-config-server-2.1.1.RELEASE.jar;F:\study\repository\org\springframework\cloud\spring-cloud-config-client\2.1.1.RELEASE\spring-cloud-config-client-2.1.1.RELEASE.jar;F:\study\repository\org\springframework\cloud\spring-cloud-commons\2.1.1.RELEASE\spring-cloud-commons-2.1.1.RELEASE.jar;F:\study\repository\org\springframework\cloud\spring-cloud-context\2.1.1.RELEASE\spring-cloud-context-2.1.1.RELEASE.jar;F:\study\repository\com\fasterxml\jackson\core\jackson-annotations\2.9.0\jackson-annotations-2.9.0.jar;F:\study\repository\com\fasterxml\jackson\core\jackson-databind\2.9.7\jackson-databind-2.9.7.jar;F:\study\repository\com\fasterxml\jackson\core\jackson-core\2.9.7\jackson-core-2.9.7.jar;F:\study\repository\org\springframework\boot\spring-boot-starter-actuator\2.1.1.RELEASE\spring-boot-starter-actuator-2.1.1.RELEASE.jar;F:\study\repository\org\springframework\boot\spring-boot-actuator-autoconfigure\2.1.1.RELEASE\spring-boot-actuator-autoconfigure-2.1.1.RELEASE.jar;F:\study\repository\org\springframework\boot\spring-boot-actuator\2.1.1.RELEASE\spring-boot-actuator-2.1.1.RELEASE.jar;F:\study\repository\io\micrometer\micrometer-core\1.1.1\micrometer-core-1.1.1.jar;F:\study\repository\org\hdrhistogram\HdrHistogram\2.1.9\HdrHistogram-2.1.9.jar;F:\study\repository\org\latencyutils\LatencyUtils\2.0.3\LatencyUtils-2.0.3.jar;F:\study\repository\org\springframework\security\spring-security-crypto\5.1.2.RELEASE\spring-security-crypto-5.1.2.RELEASE.jar;F:\study\repository\org\springframework\security\spring-security-rsa\1.0.7.RELEASE\spring-security-rsa-1.0.7.RELEASE.jar;F:\study\repository\org\bouncycastle\bcpkix-jdk15on\1.60\bcpkix-jdk15on-1.60.jar;F:\study\repository\org\bouncycastle\bcprov-jdk15on\1.60\bcprov-jdk15on-1.60.jar;F:\study\repository\org\eclipse\jgit\org.eclipse.jgit\5.1.3.201810200350-r\org.eclipse.jgit-5.1.3.201810200350-r.jar;F:\study\repository\com\jcraft\jsch\0.1.54\jsch-0.1.54.jar;F:\study\repository\com\jcraft\jzlib\1.1.1\jzlib-1.1.1.jar;F:\study\repository\com\googlecode\javaewah\JavaEWAH\1.1.6\JavaEWAH-1.1.6.jar;F:\study\repository\org\slf4j\slf4j-api\1.7.25\slf4j-api-1.7.25.jar;F:\study\repository\org\eclipse\jgit\org.eclipse.jgit.http.apache\5.1.3.201810200350-r\org.eclipse.jgit.http.apache-5.1.3.201810200350-r.jar;F:\study\repository\org\apache\httpcomponents\httpclient\4.5.6\httpclient-4.5.6.jar;F:\study\repository\commons-codec\commons-codec\1.11\commons-codec-1.11.jar;F:\study\repository\org\apache\httpcomponents\httpcore\4.4.10\httpcore-4.4.10.jar;F:\study\repository\org\yaml\snakeyaml\1.23\snakeyaml-1.23.jar;F:\study\repository\org\springframework\cloud\spring-cloud-config-monitor\2.1.1.RELEASE\spring-cloud-config-monitor-2.1.1.RELEASE.jar;F:\study\repository\org\springframework\cloud\spring-cloud-bus\2.1.1.RELEASE\spring-cloud-bus-2.1.1.RELEASE.jar;F:\study\repository\org\springframework\cloud\spring-cloud-starter\2.1.1.RELEASE\spring-cloud-starter-2.1.1.RELEASE.jar;F:\study\repository\org\springframework\cloud\spring-cloud-stream\2.1.2.RELEASE\spring-cloud-stream-2.1.2.RELEASE.jar;F:\study\repository\org\springframework\boot\spring-boot-starter-validation\2.1.1.RELEASE\spring-boot-starter-validation-2.1.1.RELEASE.jar;F:\study\repository\org\springframework\spring-messaging\5.1.3.RELEASE\spring-messaging-5.1.3.RELEASE.jar;F:\study\repository\org\springframework\spring-tuple\1.0.0.RELEASE\spring-tuple-1.0.0.RELEASE.jar;F:\study\repository\com\esotericsoftware\kryo-shaded\3.0.3\kryo-shaded-3.0.3.jar;F:\study\repository\com\esotericsoftware\minlog\1.3.0\minlog-1.3.0.jar;F:\study\repository\org\springframework\integration\spring-integration-tuple\1.0.0.RELEASE\spring-integration-tuple-1.0.0.RELEASE.jar;F:\study\repository\org\springframework\retry\spring-retry\1.2.2.RELEASE\spring-retry-1.2.2.RELEASE.jar;F:\study\repository\org\springframework\cloud\spring-cloud-function-context\2.0.1.RELEASE\spring-cloud-function-context-2.0.1.RELEASE.jar;F:\study\repository\org\springframework\cloud\spring-cloud-function-core\2.0.1.RELEASE\spring-cloud-function-core-2.0.1.RELEASE.jar;F:\study\repository\org\springframework\integration\spring-integration-core\5.1.1.RELEASE\spring-integration-core-5.1.1.RELEASE.jar;F:\study\repository\org\springframework\spring-tx\5.1.3.RELEASE\spring-tx-5.1.3.RELEASE.jar;F:\study\repository\io\projectreactor\reactor-core\3.2.3.RELEASE\reactor-core-3.2.3.RELEASE.jar;F:\study\repository\org\reactivestreams\reactive-streams\1.0.2\reactive-streams-1.0.2.jar;F:\study\repository\org\springframework\cloud\spring-cloud-starter-stream-rabbit\2.1.2.RELEASE\spring-cloud-starter-stream-rabbit-2.1.2.RELEASE.jar;F:\study\repository\org\springframework\cloud\spring-cloud-stream-binder-rabbit\2.1.2.RELEASE\spring-cloud-stream-binder-rabbit-2.1.2.RELEASE.jar;F:\study\repository\org\springframework\cloud\spring-cloud-stream-binder-rabbit-core\2.1.2.RELEASE\spring-cloud-stream-binder-rabbit-core-2.1.2.RELEASE.jar;F:\study\repository\com\rabbitmq\http-client\2.1.0.RELEASE\http-client-2.1.0.RELEASE.jar;F:\study\repository\org\springframework\boot\spring-boot-starter-amqp\2.1.1.RELEASE\spring-boot-starter-amqp-2.1.1.RELEASE.jar;F:\study\repository\org\springframework\amqp\spring-rabbit\2.1.2.RELEASE\spring-rabbit-2.1.2.RELEASE.jar;F:\study\repository\org\springframework\amqp\spring-amqp\2.1.2.RELEASE\spring-amqp-2.1.2.RELEASE.jar;F:\study\repository\com\rabbitmq\amqp-client\5.4.3\amqp-client-5.4.3.jar;F:\study\repository\org\springframework\integration\spring-integration-amqp\5.1.1.RELEASE\spring-integration-amqp-5.1.1.RELEASE.jar;F:\study\repository\org\springframework\integration\spring-integration-jmx\5.1.1.RELEASE\spring-integration-jmx-5.1.1.RELEASE.jar;F:\study\repository\org\springframework\boot\spring-boot-starter-test\2.1.1.RELEASE\spring-boot-starter-test-2.1.1.RELEASE.jar;F:\study\repository\org\springframework\boot\spring-boot-starter\2.1.1.RELEASE\spring-boot-starter-2.1.1.RELEASE.jar;F:\study\repository\org\springframework\boot\spring-boot-starter-logging\2.1.1.RELEASE\spring-boot-starter-logging-2.1.1.RELEASE.jar;F:\study\repository\ch\qos\logback\logback-classic\1.2.3\logback-classic-1.2.3.jar;F:\study\repository\ch\qos\logback\logback-core\1.2.3\logback-core-1.2.3.jar;F:\study\repository\org\apache\logging\log4j\log4j-to-slf4j\2.11.1\log4j-to-slf4j-2.11.1.jar;F:\study\repository\org\apache\logging\log4j\log4j-api\2.11.1\log4j-api-2.11.1.jar;F:\study\repository\org\slf4j\jul-to-slf4j\1.7.25\jul-to-slf4j-1.7.25.jar;F:\study\repository\javax\annotation\javax.annotation-api\1.3.2\javax.annotation-api-1.3.2.jar;F:\study\repository\org\springframework\boot\spring-boot-test\2.1.1.RELEASE\spring-boot-test-2.1.1.RELEASE.jar;F:\study\repository\org\springframework\boot\spring-boot-test-autoconfigure\2.1.1.RELEASE\spring-boot-test-autoconfigure-2.1.1.RELEASE.jar;F:\study\repository\com\jayway\jsonpath\json-path\2.4.0\json-path-2.4.0.jar;F:\study\repository\net\minidev\json-smart\2.3\json-smart-2.3.jar;F:\study\repository\net\minidev\accessors-smart\1.2\accessors-smart-1.2.jar;F:\study\repository\org\ow2\asm\asm\5.0.4\asm-5.0.4.jar;F:\study\repository\junit\junit\4.12\junit-4.12.jar;F:\study\repository\org\assertj\assertj-core\3.11.1\assertj-core-3.11.1.jar;F:\study\repository\org\mockito\mockito-core\2.23.4\mockito-core-2.23.4.jar;F:\study\repository\net\bytebuddy\byte-buddy\1.9.5\byte-buddy-1.9.5.jar;F:\study\repository\net\bytebuddy\byte-buddy-agent\1.9.5\byte-buddy-agent-1.9.5.jar;F:\study\repository\org\objenesis\objenesis\2.6\objenesis-2.6.jar;F:\study\repository\org\hamcrest\hamcrest-core\1.3\hamcrest-core-1.3.jar;F:\study\repository\org\hamcrest\hamcrest-library\1.3\hamcrest-library-1.3.jar;F:\study\repository\org\skyscreamer\jsonassert\1.5.0\jsonassert-1.5.0.jar;F:\study\repository\com\vaadin\external\google\android-json\0.0.20131108.vaadin1\android-json-0.0.20131108.vaadin1.jar;F:\study\repository\org\springframework\spring-core\5.1.3.RELEASE\spring-core-5.1.3.RELEASE.jar;F:\study\repository\org\springframework\spring-jcl\5.1.3.RELEASE\spring-jcl-5.1.3.RELEASE.jar;F:\study\repository\org\springframework\spring-test\5.1.3.RELEASE\spring-test-5.1.3.RELEASE.jar;F:\study\repository\org\xmlunit\xmlunit-core\2.6.2\xmlunit-core-2.6.2.jar;F:\study\repository\org\springframework\boot\spring-boot-starter-web\2.1.1.RELEASE\spring-boot-starter-web-2.1.1.RELEASE.jar;F:\study\repository\org\springframework\boot\spring-boot-starter-json\2.1.1.RELEASE\spring-boot-starter-json-2.1.1.RELEASE.jar;F:\study\repository\com\fasterxml\jackson\datatype\jackson-datatype-jdk8\2.9.7\jackson-datatype-jdk8-2.9.7.jar;F:\study\repository\com\fasterxml\jackson\datatype\jackson-datatype-jsr310\2.9.7\jackson-datatype-jsr310-2.9.7.jar;F:\study\repository\com\fasterxml\jackson\module\jackson-module-parameter-names\2.9.7\jackson-module-parameter-names-2.9.7.jar;F:\study\repository\org\springframework\boot\spring-boot-starter-tomcat\2.1.1.RELEASE\spring-boot-starter-tomcat-2.1.1.RELEASE.jar;F:\study\repository\org\apache\tomcat\embed\tomcat-embed-core\9.0.13\tomcat-embed-core-9.0.13.jar;F:\study\repository\org\apache\tomcat\embed\tomcat-embed-el\9.0.13\tomcat-embed-el-9.0.13.jar;F:\study\repository\org\apache\tomcat\embed\tomcat-embed-websocket\9.0.13\tomcat-embed-websocket-9.0.13.jar;F:\study\repository\org\hibernate\validator\hibernate-validator\6.0.13.Final\hibernate-validator-6.0.13.Final.jar;F:\study\repository\javax\validation\validation-api\2.0.1.Final\validation-api-2.0.1.Final.jar;F:\study\repository\org\jboss\logging\jboss-logging\3.3.2.Final\jboss-logging-3.3.2.Final.jar;F:\study\repository\com\fasterxml\classmate\1.4.0\classmate-1.4.0.jar;F:\study\repository\org\springframework\spring-web\5.1.3.RELEASE\spring-web-5.1.3.RELEASE.jar;F:\study\repository\org\springframework\spring-beans\5.1.3.RELEASE\spring-beans-5.1.3.RELEASE.jar;F:\study\repository\org\springframework\spring-webmvc\5.1.3.RELEASE\spring-webmvc-5.1.3.RELEASE.jar;F:\study\repository\org\springframework\spring-aop\5.1.3.RELEASE\spring-aop-5.1.3.RELEASE.jar;F:\study\repository\org\springframework\spring-context\5.1.3.RELEASE\spring-context-5.1.3.RELEASE.jar;F:\study\repository\org\springframework\spring-expression\5.1.3.RELEASE\spring-expression-5.1.3.RELEASE.jar;F:\study\repository\org\springframework\boot\spring-boot-devtools\2.1.1.RELEASE\spring-boot-devtools-2.1.1.RELEASE.jar;F:\study\repository\org\springframework\boot\spring-boot\2.1.1.RELEASE\spring-boot-2.1.1.RELEASE.jar;F:\study\repository\org\springframework\boot\spring-boot-autoconfigure\2.1.1.RELEASE\spring-boot-autoconfigure-2.1.1.RELEASE.jar;F:\study\repository\com\alibaba\fastjson\1.2.57\fastjson-1.2.57.jar;F:\study\repository\net\sf\trove4j\core\3.1.0\core-3.1.0.jar;"/>
    <property name="sun.cpu.endian" value="little"/>
    <property name="user.home" value="C:\Users\cuibo"/>
    <property name="user.language" value="zh"/>
    <property name="java.specification.vendor" value="Oracle Corporation"/>
    <property name="java.home" value="D:\Program Files\Java\jdk1.8.0_92\jre"/>
    <property name="basedir" value="F:\study\java\springclouddemo\config-server"/>
    <property name="file.separator" value="\"/>
    <property name="line.separator" value="&#10;"/>
    <property name="java.vm.specification.vendor" value="Oracle Corporation"/>
    <property name="java.specification.name" value="Java Platform API Specification"/>
    <property name="java.awt.graphicsenv" value="sun.awt.Win32GraphicsEnvironment"/>
    <property name="surefire.real.class.path" value="C:\Users\cuibo\AppData\Local\Temp\surefire2572410236448573165\surefirebooter2758364036812312645.jar"/>
    <property name="sun.boot.class.path" value="D:\Program Files\Java\jdk1.8.0_92\jre\lib\resources.jar;D:\Program Files\Java\jdk1.8.0_92\jre\lib\rt.jar;D:\Program Files\Java\jdk1.8.0_92\jre\lib\sunrsasign.jar;D:\Program Files\Java\jdk1.8.0_92\jre\lib\jsse.jar;D:\Program Files\Java\jdk1.8.0_92\jre\lib\jce.jar;D:\Program Files\Java\jdk1.8.0_92\jre\lib\charsets.jar;D:\Program Files\Java\jdk1.8.0_92\jre\lib\jfr.jar;D:\Program Files\Java\jdk1.8.0_92\jre\classes"/>
    <property name="user.script" value=""/>
    <property name="sun.management.compiler" value="HotSpot 64-Bit Tiered Compilers"/>
    <property name="java.runtime.version" value="1.8.0_92-b14"/>
    <property name="user.name" value="cuibo"/>
    <property name="path.separator" value=";"/>
    <property name="os.version" value="6.1"/>
    <property name="java.endorsed.dirs" value="D:\Program Files\Java\jdk1.8.0_92\jre\lib\endorsed"/>
    <property name="java.runtime.name" value="Java(TM) SE Runtime Environment"/>
    <property name="file.encoding" value="GBK"/>
    <property name="java.vm.name" value="Java HotSpot(TM) 64-Bit Server VM"/>
    <property name="localRepository" value="F:\study\repository"/>
    <property name="java.vendor.url.bug" value="http://bugreport.sun.com/bugreport/"/>
    <property name="java.io.tmpdir" value="C:\Users\cuibo\AppData\Local\Temp\"/>
    <property name="java.version" value="1.8.0_92"/>
    <property name="user.dir" value="F:\study\java\springclouddemo\config-server"/>
    <property name="os.arch" value="amd64"/>
    <property name="java.vm.specification.name" value="Java Virtual Machine Specification"/>
    <property name="java.awt.printerjob" value="sun.awt.windows.WPrinterJob"/>
    <property name="sun.os.patch.level" value="Service Pack 1"/>
    <property name="java.library.path" value="D:\Program Files\Java\jdk1.8.0_92\jre\bin;C:\Windows\Sun\Java\bin;C:\Windows\system32;C:\Windows;C:/Program Files/Java/jre1.8.0_131/bin/server;C:/Program Files/Java/jre1.8.0_131/bin;C:/Program Files/Java/jre1.8.0_131/lib/amd64;C:\ProgramData\Oracle\Java\javapath;C:\Windows\system32;C:\Windows;C:\Windows\System32\Wbem;C:\Windows\System32\WindowsPowerShell\v1.0\;C:\Program Files (x86)\Intel\OpenCL SDK\2.0\bin\x86;C:\Program Files (x86)\Intel\OpenCL SDK\2.0\bin\x64;C:\Program Files\Intel\WiFi\bin\;C:\Program Files\Common Files\Intel\WirelessCommon\;C:\Program Files (x86)\NVIDIA Corporation\PhysX\Common;D:\Program Files\nodejs\;D:\Program Files\Java\jdk1.8.0_92\bin;D:\Program Files\TortoiseSVN\bin;D:\Program Files\apache-maven-3.3.9\bin;F:\study\java\spring\spring-1.4.1.RELEASE\bin;D:\Program Files\IDM Computer Solutions\UltraEdit;C:\Program Files\IDM Computer Solutions\UltraCompare;D:\Program Files\Process Lasso\;D:\Program Files\Git\cmd;C:\Ruby24-x64\bin;D:\Program Files\Python\Python36\Scripts\;D:\Program Files\Python\Python36\;C:\Program Files\Intel\WiFi\bin\;C:\Program Files\Common Files\Intel\WirelessCommon\;C:\Users\cuibo\AppData\Roaming\npm;D:\Program Files\Docker Toolbox;F:\study\gradle-5.4.1\bin;D:\Program Files\eclipse-jee-mars-2-win32-x86_64\eclipse;;."/>
    <property name="java.vm.info" value="mixed mode"/>
    <property name="java.vendor" value="Oracle Corporation"/>
    <property name="java.vm.version" value="25.92-b14"/>
    <property name="java.ext.dirs" value="D:\Program Files\Java\jdk1.8.0_92\jre\lib\ext;C:\Windows\Sun\Java\lib\ext"/>
    <property name="sun.io.unicode.encoding" value="UnicodeLittle"/>
    <property name="java.class.version" value="52.0"/>
  </properties>
  <testcase name="testApp" classname="org.config.server.AppTest" time="0.002"/>
</testsuite>